#
# A fatal error has been detected by the Java Runtime Environment:
#
#  EXCEPTION_UNCAUGHT_CXX_EXCEPTION (0xe06d7363) at pc=0x00007fff5778b699, pid=7760, tid=12460
#
# JRE version: OpenJDK Runtime Environment (21.0.3) (build 21.0.3+-12282718-b509.11)
# Java VM: OpenJDK 64-Bit Server VM (21.0.3+-12282718-b509.11, mixed mode, tiered, compressed oops, compressed class ptrs, g1 gc, windows-amd64)
# Problematic frame:
# C  [KERNELBASE.dll+0x3b699]
#
# No core dump will be written. Minidumps are not enabled by default on client versions of Windows
#
# If you would like to submit a bug report, please visit:
#   https://youtrack.jetbrains.com/issues/JBR
#

---------------  S U M M A R Y ------------

Command Line: git4idea.http.GitAskPassApp Username for 'https://github.com': 

Host: 11th Gen Intel(R) Core(TM) i5-11400 @ 2.60GHz, 12 cores, 15G,  Windows 10 , 64 bit Build 19041 (10.0.19041.5072)
Time: Sat Dec  7 11:25:32 2024 RTZ 2 (s 10 , 64 bit Build 19041 (10.0.19041.5072) elapsed time: 0.086372 seconds (0d 0h 0m 0s)

---------------  T H R E A D  ---------------

Current thread (0x00000246bc90e6c0):  JavaThread "main"             [_thread_in_vm, id=12460, stack(0x0000009ca0500000,0x0000009ca0600000) (1024K)]

Stack: [0x0000009ca0500000,0x0000009ca0600000],  sp=0x0000009ca05fb630,  free space=1005k
Native frames: (J=compiled Java code, j=interpreted, Vv=VM code, C=native code)
C  [KERNELBASE.dll+0x3b699]
C  [VCRUNTIME140.dll+0x6480]
C  [jimage.dll+0x32a3]
C  [jimage.dll+0x2a11]
C  [jimage.dll+0x145b]
C  [jimage.dll+0x1e87]
C  [jimage.dll+0x1f1e]
C  [jimage.dll+0x265a]
V  [jvm.dll+0x21cf4d]
V  [jvm.dll+0x21be02]
V  [jvm.dll+0x7cff51]
V  [jvm.dll+0x7d1012]
V  [jvm.dll+0x7d15bf]
V  [jvm.dll+0x7d1268]
V  [jvm.dll+0x26c18b]
V  [jvm.dll+0x3d278a]
C  0x00000246c90af05b

The last pc belongs to ldc_w (printed below).
Java frames: (J=compiled Java code, j=interpreted, Vv=VM code)
j  java.lang.invoke.DirectMethodHandle.shouldBeInitialized(Ljava/lang/invoke/MemberName;)Z+66 java.base@21.0.3
j  java.lang.invoke.DirectMethodHandle.preparedLambdaForm(Ljava/lang/invoke/MemberName;Z)Ljava/lang/invoke/LambdaForm;+131 java.base@21.0.3
j  java.lang.invoke.DirectMethodHandle.preparedLambdaForm(Ljava/lang/invoke/MemberName;)Ljava/lang/invoke/LambdaForm;+2 java.base@21.0.3
j  java.lang.invoke.DirectMethodHandle.make(BLjava/lang/Class;Ljava/lang/invoke/MemberName;Ljava/lang/Class;)Ljava/lang/invoke/DirectMethodHandle;+163 java.base@21.0.3
j  java.lang.invoke.MethodHandles$Lookup.getDirectMethodCommon(BLjava/lang/Class;Ljava/lang/invoke/MemberName;ZZLjava/lang/invoke/MethodHandles$Lookup;)Ljava/lang/invoke/MethodHandle;+220 java.base@21.0.3
j  java.lang.invoke.MethodHandles$Lookup.getDirectMethodNoSecurityManager(BLjava/lang/Class;Ljava/lang/invoke/MemberName;Ljava/lang/invoke/MethodHandles$Lookup;)Ljava/lang/invoke/MethodHandle;+14 java.base@21.0.3
j  java.lang.invoke.MethodHandles$Lookup.getDirectMethodForConstant(BLjava/lang/Class;Ljava/lang/invoke/MemberName;)Ljava/lang/invoke/MethodHandle;+31 java.base@21.0.3
j  java.lang.invoke.MethodHandles$Lookup.linkMethodHandleConstant(BLjava/lang/Class;Ljava/lang/String;Ljava/lang/Object;)Ljava/lang/invoke/MethodHandle;+153 java.base@21.0.3
j  java.lang.invoke.MethodHandleNatives.linkMethodHandleConstant(Ljava/lang/Class;ILjava/lang/Class;Ljava/lang/String;Ljava/lang/Object;)Ljava/lang/invoke/MethodHandle;+38 java.base@21.0.3
v  ~StubRoutines::call_stub 0x00000246c90a10e7
j  java.security.Security.<clinit>()V+9 java.base@21.0.3
v  ~StubRoutines::call_stub 0x00000246c90a10e7
j  sun.security.jca.ProviderList.<init>()V+45 java.base@21.0.3
j  sun.security.jca.ProviderList$2.run()Lsun/security/jca/ProviderList;+4 java.base@21.0.3
j  sun.security.jca.ProviderList$2.run()Ljava/lang/Object;+1 java.base@21.0.3
j  java.security.AccessController.executePrivileged(Ljava/security/PrivilegedAction;Ljava/security/AccessControlContext;Ljava/lang/Class;)Ljava/lang/Object;+29 java.base@21.0.3
j  java.security.AccessController.doPrivileged(Ljava/security/PrivilegedAction;)Ljava/lang/Object;+5 java.base@21.0.3
j  sun.security.jca.ProviderList.fromSecurityProperties()Lsun/security/jca/ProviderList;+7 java.base@21.0.3
j  sun.security.jca.Providers.<clinit>()V+16 java.base@21.0.3
v  ~StubRoutines::call_stub 0x00000246c90a10e7
j  sun.security.jca.GetInstance.getInstance(Ljava/lang/String;Ljava/lang/Class;Ljava/lang/String;)Lsun/security/jca/GetInstance$Instance;+0 java.base@21.0.3
j  javax.net.ssl.SSLContext.getInstance(Ljava/lang/String;)Ljavax/net/ssl/SSLContext;+12 java.base@21.0.3
j  externalApp.ExternalAppUtil.sendIdeRequest(Ljava/lang/String;ILjava/lang/String;Ljava/lang/String;)LexternalApp/ExternalAppUtil$Result;+34
j  git4idea.http.GitAskPassApp.main([Ljava/lang/String;)V+37
v  ~StubRoutines::call_stub 0x00000246c90a10e7

siginfo: EXCEPTION_UNCAUGHT_CXX_EXCEPTION (0xe06d7363), ExceptionInformation=0x0000000019930520 0x0000009ca05fb790 0x00007fff2fc25198 0x00007fff2fc20000 


Registers:
RAX=0x0000000000000000, RBX=0x00007fff2fc25198, RCX=0x0000009c00000000, RDX=0x00007ffee9b73fe0
RSP=0x0000009ca05fb630, RBP=0x0000009ca05fb8c0, RSI=0x0000009ca05fb790, RDI=0x0000000019930520
R8 =0x00007fff2fc22461, R9 =0x0000009ca05fa910, R10=0x00000000001385ef, R11=0x00000246bc800000
R12=0x0000000000009026, R13=0x00000246bc90ed40, R14=0x00000246dd291fc0, R15=0x00000246dd291fc0
RIP=0x00007fff5778b699, EFLAGS=0x0000000000000206


Register to memory mapping:

RAX=0x0 is null
RBX=0x00007fff2fc25198 jimage.dll
RCX=0x0000009c00000000 is an unknown value
RDX=0x00007ffee9b73fe0 jvm.dll
RSP=0x0000009ca05fb630 is pointing into the stack for thread: 0x00000246bc90e6c0
RBP=0x0000009ca05fb8c0 is pointing into the stack for thread: 0x00000246bc90e6c0
RSI=0x0000009ca05fb790 is pointing into the stack for thread: 0x00000246bc90e6c0
RDI=0x0000000019930520 is an unknown value
R8 =0x00007fff2fc22461 jimage.dll
R9 =0x0000009ca05fa910 is pointing into the stack for thread: 0x00000246bc90e6c0
R10=0x00000000001385ef is an unknown value
R11=0x00000246bc800000 points into unknown readable memory: 0x0000000000000000 | 00 00 00 00 00 00 00 00
R12=0x0000000000009026 is an unknown value
R13=0x00000246bc90ed40 points into unknown readable memory: 0x6e616c2f6176616a | 6a 61 76 61 2f 6c 61 6e
R14=0x00000246dd291fc0 points into unknown readable memory: 0x01060005000c0400 | 00 04 0c 00 05 00 06 01
R15=0x00000246dd291fc0 points into unknown readable memory: 0x01060005000c0400 | 00 04 0c 00 05 00 06 01

Top of Stack: (sp=0x0000009ca05fb630)
0x0000009ca05fb630:   00000000000003ff 00007fff2fc25198
0x0000009ca05fb640:   0000009ca05fb790 0000000000000000
0x0000009ca05fb650:   00000001e06d7363 0000000000000000
0x0000009ca05fb660:   00007fff5778b699 0000024600000004
0x0000009ca05fb670:   0000000019930520 0000009ca05fb790
0x0000009ca05fb680:   00007fff2fc25198 00007fff2fc20000
0x0000009ca05fb690:   00000246bc90ed40 0000000000009026
0x0000009ca05fb6a0:   0000009ca05fb790 0000009ca05fb8c0
0x0000009ca05fb6b0:   0000009ca05fb730 00007fff59f24a5f
0x0000009ca05fb6c0:   0000000019930520 0000000800000000
0x0000009ca05fb6d0:   00000246bc90e6c0 00007fff59f41910
0x0000009ca05fb6e0:   00007fff2fc27000 00007fff2fc20000
0x0000009ca05fb6f0:   0000d72f5d0b58f7 00007fff577b045b
0x0000009ca05fb700:   00007fff2fc25198 00007ffee9356480
0x0000009ca05fb710:   000005089050cda4 0000000000000000
0x0000009ca05fb720:   0000000000000008 00007fff575939ce
0x0000009ca05fb730:   00007fff2fc20000 0000000019930520
0x0000009ca05fb740:   0000009ca05fb790 00007fff2fc25198
0x0000009ca05fb750:   00007fff2fc20000 00007fff575fc8e0
0x0000009ca05fb760:   00000246bedd9540 00007fff2fc232a3
0x0000009ca05fb770:   0000000000000000 00000246bedd9540
0x0000009ca05fb780:   0000000000009026 00000246bedd9540
0x0000009ca05fb790:   00007fff2fc24468 00007fff2fc24478
0x0000009ca05fb7a0:   0000000000000000 0000009ca05f0000
0x0000009ca05fb7b0:   0000000000009026 00007fff2fc22a11
0x0000009ca05fb7c0:   0000000000009026 0000000000000000
0x0000009ca05fb7d0:   0000000000000010 0000024600000000
0x0000009ca05fb7e0:   00000246bedd9540 00007fff2fc2145b
0x0000009ca05fb7f0:   0000000200000000 0000000000000020
0x0000009ca05fb800:   0000000000000010 0000000000000004
0x0000009ca05fb810:   00000246bc8e0000 0000000000000000
0x0000009ca05fb820:   00000000cafefafa 00000000000037c6 

Instructions: (pc=0x00007fff5778b699)
0x00007fff5778b599:   d8 21 00 00 41 0f 44 c0 89 43 24 8b 41 18 89 43
0x00007fff5778b5a9:   28 65 48 8b 04 25 60 00 00 00 48 8b 48 20 39 79
0x00007fff5778b5b9:   08 7c 36 41 b9 40 00 00 00 48 89 7c 24 20 4c 8d
0x00007fff5778b5c9:   44 24 30 48 83 c9 ff 41 8d 51 e5 48 ff 15 4d fb
0x00007fff5778b5d9:   1a 00 0f 1f 44 00 00 85 c0 0f 88 63 63 09 00 81
0x00007fff5778b5e9:   7c 24 54 33 00 03 00 72 0f 48 8b 9c 24 80 00 00
0x00007fff5778b5f9:   00 48 83 c4 70 5f c3 cc 89 7b 2c eb ec cc cc cc
0x00007fff5778b609:   cc cc cc cc cc cc cc 65 48 8b 04 25 30 00 00 00
0x00007fff5778b619:   8b 40 68 c3 cc cc cc cc cc cc cc cc cc cc cc cc
0x00007fff5778b629:   cc cc cc cc cc cc cc 48 81 ec d8 00 00 00 48 8b
0x00007fff5778b639:   05 62 28 28 00 48 33 c4 48 89 84 24 c0 00 00 00
0x00007fff5778b649:   48 83 64 24 28 00 48 8d 05 da ff ff ff 83 e2 01
0x00007fff5778b659:   89 4c 24 20 89 54 24 24 48 89 44 24 30 4d 85 c9
0x00007fff5778b669:   74 4c b8 0f 00 00 00 48 8d 4c 24 40 44 3b c0 49
0x00007fff5778b679:   8b d1 44 0f 47 c0 44 89 44 24 38 49 c1 e0 03 e8
0x00007fff5778b689:   1a 26 08 00 48 8d 4c 24 20 48 ff 15 6f fb 1a 00
0x00007fff5778b699:   0f 1f 44 00 00 48 8b 8c 24 c0 00 00 00 48 33 cc
0x00007fff5778b6a9:   e8 f2 af 05 00 48 81 c4 d8 00 00 00 c3 cc 83 64
0x00007fff5778b6b9:   24 38 00 eb cf cc cc cc cc cc cc cc cc cc cc cc
0x00007fff5778b6c9:   cc cc cc cc cc cc cc 40 53 48 83 ec 30 48 8b d1
0x00007fff5778b6d9:   48 8d 4c 24 20 e8 d5 cf ff ff 85 c0 74 26 48 8b
0x00007fff5778b6e9:   4c 24 28 e8 3f 80 ff ff 48 8d 4c 24 20 8b d8 48
0x00007fff5778b6f9:   ff 15 31 f3 1a 00 0f 1f 44 00 00 8b c3 48 83 c4
0x00007fff5778b709:   30 5b c3 cc 83 c8 ff eb f4 cc cc cc cc cc cc cc
0x00007fff5778b719:   cc cc cc cc cc cc cc 48 8b c4 48 89 58 10 48 89
0x00007fff5778b729:   70 18 57 48 83 ec 60 0f 57 c0 0f 11 40 b8 48 8d
0x00007fff5778b739:   35 72 55 1b 00 33 db 48 85 c9 48 0f 45 f1 48 8b
0x00007fff5778b749:   d6 48 8d 48 c8 48 ff 15 93 f9 1a 00 0f 1f 44 00
0x00007fff5778b759:   00 8b f8 89 44 24 70 85 c0 78 1f 41 b0 01 48 8d
0x00007fff5778b769:   54 24 30 48 8d 4c 24 20 48 ff 15 e0 f2 1a 00 0f
0x00007fff5778b779:   1f 44 00 00 8b f8 89 44 24 70 85 ff 0f 88 cd 61
0x00007fff5778b789:   09 00 48 83 c8 ff 48 8b c8 48 ff c1 66 39 1c 4e 


Stack slot to memory mapping:

stack at sp + 0 slots: 0x00000000000003ff is an unknown value
stack at sp + 1 slots: 0x00007fff2fc25198 jimage.dll
stack at sp + 2 slots: 0x0000009ca05fb790 is pointing into the stack for thread: 0x00000246bc90e6c0
stack at sp + 3 slots: 0x0 is null
stack at sp + 4 slots: 0x00000001e06d7363 is an unknown value
stack at sp + 5 slots: 0x0 is null
stack at sp + 6 slots: 0x00007fff5778b699 KERNELBASE.dll
stack at sp + 7 slots: 0x0000024600000004 is an unknown value

ldc_w  19 ldc_w  [0x00000246c90aefa0, 0x00000246c90af250]  688 bytes
[MachCode]
  0x00000246c90aefa0: 4883 ec08 | c5fa 1104 | 24eb 1f48 | 83ec 10c5 | fb11 0424 | eb14 4883 | ec10 4889 | 0424 48c7 
  0x00000246c90aefc0: 4424 0800 | 0000 00eb | 0150 410f | b75d 010f | cbc1 eb10 | 488b 4de8 | 488b 4908 | 488b 4908 
  0x00000246c90aefe0: 488b 4108 | 0fb6 5418 | 0483 fa64 | 740e 83fa | 6774 0983 | fa07 0f85 | bd00 0000 | ba01 0000 
  0x00000246c90af000: 00e8 0500 | 0000 e9a8 | 0000 0048 | 8d44 2408 | 4c89 6dc0 | 498b cfc5 | f877 4989 | afa8 0300 
  0x00000246c90af020: 0049 8987 | 9803 0000 | 4883 ec20 | 40f6 c40f | 0f84 1900 | 0000 4883 | ec08 48b8 | 7026 74e9 
  0x00000246c90af040: fe7f 0000 | ffd0 4883 | c408 e90c | 0000 0048 | b870 2674 | e9fe 7f00 | 00ff d048 | 83c4 2049 
  0x00000246c90af060: c787 9803 | 0000 0000 | 0000 49c7 | 87a8 0300 | 0000 0000 | 0049 c787 | a003 0000 | 0000 0000 
  0x00000246c90af080: c5f8 7749 | 837f 0800 | 0f84 0500 | 0000 e96d | 1eff ff49 | 8b87 f003 | 0000 49c7 | 87f0 0300 
  0x00000246c90af0a0: 0000 0000 | 004c 8b6d | c04c 8b75 | c84e 8d74 | f500 c350 | e97c 0100 | 0083 fa04 | 7514 c5fa 
  0x00000246c90af0c0: 1044 d948 | 4883 ec08 | c5fa 1104 | 24e9 6301 | 0000 83fa | 0375 0a8b | 44d9 4850 | e954 0100 
  0x00000246c90af0e0: 00ba 1300 | 0000 e805 | 0000 00e9 | a800 0000 | 488d 4424 | 084c 896d | c049 8bcf | c5f8 7749 
  0x00000246c90af100: 89af a803 | 0000 4989 | 8798 0300 | 0048 83ec | 2040 f6c4 | 0f0f 8419 | 0000 0048 | 83ec 0848 
  0x00000246c90af120: b8f0 4b74 | e9fe 7f00 | 00ff d048 | 83c4 08e9 | 0c00 0000 | 48b8 f04b | 74e9 fe7f | 0000 ffd0 
  0x00000246c90af140: 4883 c420 | 49c7 8798 | 0300 0000 | 0000 0049 | c787 a803 | 0000 0000 | 0000 49c7 | 87a0 0300 
  0x00000246c90af160: 0000 0000 | 00c5 f877 | 4983 7f08 | 000f 8405 | 0000 00e9 | 881d ffff | 498b 87f0 | 0300 0049 
  0x00000246c90af180: c787 f003 | 0000 0000 | 0000 4c8b | 6dc0 4c8b | 75c8 4e8d | 74f5 00c3 | 498b 8ff8 | 0300 0049 
  0x00000246c90af1a0: c787 f803 | 0000 0000 | 0000 8bd9 | 81e3 ffff | 0000 c1e9 | 1c83 e10f | 83f9 0475 | 098b 0418 
  0x00000246c90af1c0: 50e9 6f00 | 0000 83f9 | 0675 13c5 | fa10 0418 | 4883 ec08 | c5fa 1104 | 24e9 5700 | 0000 83f9 
  0x00000246c90af1e0: 0375 0a0f | bf04 1850 | e948 0000 | 0083 f900 | 750a 0fbe | 0418 50e9 | 3900 0000 | 83f9 0275 
  0x00000246c90af200: 0a0f b704 | 1850 e92a | 0000 0083 | f901 750a | 0fbe 0418 | 50e9 1b00 | 0000 48b9 | a850 d4e9 
  0x00000246c90af220: fe7f 0000 | 4883 e4f0 | 48b8 002e | 99e9 fe7f | 0000 ffd0 | f441 0fb6 | 5d03 4983 | c503 49ba 
  0x00000246c90af240: f062 f2e9 | fe7f 0000 | 41ff 24da | 0f1f 4000 
[/MachCode]

---------------  P R O C E S S  ---------------

Threads class SMR info:
_java_thread_list=0x00000246dd239f90, length=11, elements={
0x00000246bc90e6c0, 0x00000246dd0778d0, 0x00000246dd078400, 0x00000246dd060a00,
0x00000246dd061f50, 0x00000246dd079cd0, 0x00000246dd087e90, 0x00000246dd088910,
0x00000246dd088fc0, 0x00000246dd23b010, 0x00000246dd2434a0
}

Java Threads: ( => current thread )
=>0x00000246bc90e6c0 JavaThread "main"                              [_thread_in_vm, id=12460, stack(0x0000009ca0500000,0x0000009ca0600000) (1024K)]
  0x00000246dd0778d0 JavaThread "Reference Handler"          daemon [_thread_blocked, id=10088, stack(0x0000009ca0d00000,0x0000009ca0e00000) (1024K)]
  0x00000246dd078400 JavaThread "Finalizer"                  daemon [_thread_blocked, id=1152, stack(0x0000009ca0e00000,0x0000009ca0f00000) (1024K)]
  0x00000246dd060a00 JavaThread "Signal Dispatcher"          daemon [_thread_blocked, id=9868, stack(0x0000009ca0f00000,0x0000009ca1000000) (1024K)]
  0x00000246dd061f50 JavaThread "Attach Listener"            daemon [_thread_blocked, id=13820, stack(0x0000009ca1000000,0x0000009ca1100000) (1024K)]
  0x00000246dd079cd0 JavaThread "Service Thread"             daemon [_thread_blocked, id=14772, stack(0x0000009ca1100000,0x0000009ca1200000) (1024K)]
  0x00000246dd087e90 JavaThread "Monitor Deflation Thread"   daemon [_thread_blocked, id=3012, stack(0x0000009ca1200000,0x0000009ca1300000) (1024K)]
  0x00000246dd088910 JavaThread "C2 CompilerThread0"         daemon [_thread_blocked, id=6364, stack(0x0000009ca1300000,0x0000009ca1400000) (1024K)]
  0x00000246dd088fc0 JavaThread "C1 CompilerThread0"         daemon [_thread_blocked, id=11948, stack(0x0000009ca1400000,0x0000009ca1500000) (1024K)]
  0x00000246dd23b010 JavaThread "Notification Thread"        daemon [_thread_blocked, id=8876, stack(0x0000009ca1500000,0x0000009ca1600000) (1024K)]
  0x00000246dd2434a0 JavaThread "Common-Cleaner"             daemon [_thread_blocked, id=10132, stack(0x0000009ca1600000,0x0000009ca1700000) (1024K)]
Total: 11

Other Threads:
  0x00000246dd0088f0 VMThread "VM Thread"                           [id=9684, stack(0x0000009ca0c00000,0x0000009ca0d00000) (1024K)]
  0x00000246d8aec0b0 WatcherThread "VM Periodic Task Thread"        [id=15112, stack(0x0000009ca0b00000,0x0000009ca0c00000) (1024K)]
  0x00000246bea7f910 WorkerThread "GC Thread#0"                     [id=11896, stack(0x0000009ca0600000,0x0000009ca0700000) (1024K)]
  0x00000246bea903f0 ConcurrentGCThread "G1 Main Marker"            [id=8296, stack(0x0000009ca0700000,0x0000009ca0800000) (1024K)]
  0x00000246bea90ef0 WorkerThread "G1 Conc#0"                       [id=6196, stack(0x0000009ca0800000,0x0000009ca0900000) (1024K)]
  0x00000246d89bd530 ConcurrentGCThread "G1 Refine#0"               [id=13604, stack(0x0000009ca0900000,0x0000009ca0a00000) (1024K)]
  0x00000246d89bfbd0 ConcurrentGCThread "G1 Service"                [id=14344, stack(0x0000009ca0a00000,0x0000009ca0b00000) (1024K)]
Total: 7

Threads with active compile tasks:
Total: 0

VM state: not at safepoint (normal execution)

VM Mutex/Monitor currently owned by a thread: None

Heap address: 0x0000000706600000, size: 3994 MB, Compressed Oops mode: Zero based, Oop shift amount: 3

CDS archive(s) not mapped
Compressed class space mapped at: 0x0000000800000000-0x0000000840000000, reserved size: 1073741824
Narrow klass base: 0x0000000800000000, Narrow klass shift: 0, Narrow klass range: 0x40000000

GC Precious Log:
 CardTable entry size: 512
 Card Set container configuration: InlinePtr #cards 4 size 8 Array Of Cards #cards 16 size 48 Howl #buckets 8 coarsen threshold 3686 Howl Bitmap #cards 512 size 80 coarsen threshold 460 Card regions per heap region 1 cards per card region 4096
 CPUs: 12 total, 12 available
 Memory: 15972M
 Large Page Support: Disabled
 NUMA Support: Disabled
 Compressed Oops: Enabled (Zero based)
 Heap Region Size: 2M
 Heap Min Capacity: 8M
 Heap Initial Capacity: 250M
 Heap Max Capacity: 3994M
 Pre-touch: Disabled
 Parallel Workers: 10
 Concurrent Workers: 3
 Concurrent Refinement Workers: 10
 Periodic GC: Disabled

Heap:
 garbage-first heap   total 256000K, used 2048K [0x0000000706600000, 0x0000000800000000)
  region size 2048K, 2 young (4096K), 0 survivors (0K)
 Metaspace       used 5656K, committed 5760K, reserved 1114112K
  class space    used 507K, committed 512K, reserved 1048576K

Heap Regions: E=young(eden), S=young(survivor), O=old, HS=humongous(starts), HC=humongous(continues), CS=collection set, F=free, TAMS=top-at-mark-start, PB=parsable bottom
|   0|0x0000000706600000, 0x0000000706600000, 0x0000000706800000|  0%| F|  |TAMS 0x0000000706600000| PB 0x0000000706600000| Untracked 
|   1|0x0000000706800000, 0x0000000706800000, 0x0000000706a00000|  0%| F|  |TAMS 0x0000000706800000| PB 0x0000000706800000| Untracked 
|   2|0x0000000706a00000, 0x0000000706a00000, 0x0000000706c00000|  0%| F|  |TAMS 0x0000000706a00000| PB 0x0000000706a00000| Untracked 
|   3|0x0000000706c00000, 0x0000000706c00000, 0x0000000706e00000|  0%| F|  |TAMS 0x0000000706c00000| PB 0x0000000706c00000| Untracked 
|   4|0x0000000706e00000, 0x0000000706e00000, 0x0000000707000000|  0%| F|  |TAMS 0x0000000706e00000| PB 0x0000000706e00000| Untracked 
|   5|0x0000000707000000, 0x0000000707000000, 0x0000000707200000|  0%| F|  |TAMS 0x0000000707000000| PB 0x0000000707000000| Untracked 
|   6|0x0000000707200000, 0x0000000707200000, 0x0000000707400000|  0%| F|  |TAMS 0x0000000707200000| PB 0x0000000707200000| Untracked 
|   7|0x0000000707400000, 0x0000000707400000, 0x0000000707600000|  0%| F|  |TAMS 0x0000000707400000| PB 0x0000000707400000| Untracked 
|   8|0x0000000707600000, 0x0000000707600000, 0x0000000707800000|  0%| F|  |TAMS 0x0000000707600000| PB 0x0000000707600000| Untracked 
|   9|0x0000000707800000, 0x0000000707800000, 0x0000000707a00000|  0%| F|  |TAMS 0x0000000707800000| PB 0x0000000707800000| Untracked 
|  10|0x0000000707a00000, 0x0000000707a00000, 0x0000000707c00000|  0%| F|  |TAMS 0x0000000707a00000| PB 0x0000000707a00000| Untracked 
|  11|0x0000000707c00000, 0x0000000707c00000, 0x0000000707e00000|  0%| F|  |TAMS 0x0000000707c00000| PB 0x0000000707c00000| Untracked 
|  12|0x0000000707e00000, 0x0000000707e00000, 0x0000000708000000|  0%| F|  |TAMS 0x0000000707e00000| PB 0x0000000707e00000| Untracked 
|  13|0x0000000708000000, 0x0000000708000000, 0x0000000708200000|  0%| F|  |TAMS 0x0000000708000000| PB 0x0000000708000000| Untracked 
|  14|0x0000000708200000, 0x0000000708200000, 0x0000000708400000|  0%| F|  |TAMS 0x0000000708200000| PB 0x0000000708200000| Untracked 
|  15|0x0000000708400000, 0x0000000708400000, 0x0000000708600000|  0%| F|  |TAMS 0x0000000708400000| PB 0x0000000708400000| Untracked 
|  16|0x0000000708600000, 0x0000000708600000, 0x0000000708800000|  0%| F|  |TAMS 0x0000000708600000| PB 0x0000000708600000| Untracked 
|  17|0x0000000708800000, 0x0000000708800000, 0x0000000708a00000|  0%| F|  |TAMS 0x0000000708800000| PB 0x0000000708800000| Untracked 
|  18|0x0000000708a00000, 0x0000000708a00000, 0x0000000708c00000|  0%| F|  |TAMS 0x0000000708a00000| PB 0x0000000708a00000| Untracked 
|  19|0x0000000708c00000, 0x0000000708c00000, 0x0000000708e00000|  0%| F|  |TAMS 0x0000000708c00000| PB 0x0000000708c00000| Untracked 
|  20|0x0000000708e00000, 0x0000000708e00000, 0x0000000709000000|  0%| F|  |TAMS 0x0000000708e00000| PB 0x0000000708e00000| Untracked 
|  21|0x0000000709000000, 0x0000000709000000, 0x0000000709200000|  0%| F|  |TAMS 0x0000000709000000| PB 0x0000000709000000| Untracked 
|  22|0x0000000709200000, 0x0000000709200000, 0x0000000709400000|  0%| F|  |TAMS 0x0000000709200000| PB 0x0000000709200000| Untracked 
|  23|0x0000000709400000, 0x0000000709400000, 0x0000000709600000|  0%| F|  |TAMS 0x0000000709400000| PB 0x0000000709400000| Untracked 
|  24|0x0000000709600000, 0x0000000709600000, 0x0000000709800000|  0%| F|  |TAMS 0x0000000709600000| PB 0x0000000709600000| Untracked 
|  25|0x0000000709800000, 0x0000000709800000, 0x0000000709a00000|  0%| F|  |TAMS 0x0000000709800000| PB 0x0000000709800000| Untracked 
|  26|0x0000000709a00000, 0x0000000709a00000, 0x0000000709c00000|  0%| F|  |TAMS 0x0000000709a00000| PB 0x0000000709a00000| Untracked 
|  27|0x0000000709c00000, 0x0000000709c00000, 0x0000000709e00000|  0%| F|  |TAMS 0x0000000709c00000| PB 0x0000000709c00000| Untracked 
|  28|0x0000000709e00000, 0x0000000709e00000, 0x000000070a000000|  0%| F|  |TAMS 0x0000000709e00000| PB 0x0000000709e00000| Untracked 
|  29|0x000000070a000000, 0x000000070a000000, 0x000000070a200000|  0%| F|  |TAMS 0x000000070a000000| PB 0x000000070a000000| Untracked 
|  30|0x000000070a200000, 0x000000070a200000, 0x000000070a400000|  0%| F|  |TAMS 0x000000070a200000| PB 0x000000070a200000| Untracked 
|  31|0x000000070a400000, 0x000000070a400000, 0x000000070a600000|  0%| F|  |TAMS 0x000000070a400000| PB 0x000000070a400000| Untracked 
|  32|0x000000070a600000, 0x000000070a600000, 0x000000070a800000|  0%| F|  |TAMS 0x000000070a600000| PB 0x000000070a600000| Untracked 
|  33|0x000000070a800000, 0x000000070a800000, 0x000000070aa00000|  0%| F|  |TAMS 0x000000070a800000| PB 0x000000070a800000| Untracked 
|  34|0x000000070aa00000, 0x000000070aa00000, 0x000000070ac00000|  0%| F|  |TAMS 0x000000070aa00000| PB 0x000000070aa00000| Untracked 
|  35|0x000000070ac00000, 0x000000070ac00000, 0x000000070ae00000|  0%| F|  |TAMS 0x000000070ac00000| PB 0x000000070ac00000| Untracked 
|  36|0x000000070ae00000, 0x000000070ae00000, 0x000000070b000000|  0%| F|  |TAMS 0x000000070ae00000| PB 0x000000070ae00000| Untracked 
|  37|0x000000070b000000, 0x000000070b000000, 0x000000070b200000|  0%| F|  |TAMS 0x000000070b000000| PB 0x000000070b000000| Untracked 
|  38|0x000000070b200000, 0x000000070b200000, 0x000000070b400000|  0%| F|  |TAMS 0x000000070b200000| PB 0x000000070b200000| Untracked 
|  39|0x000000070b400000, 0x000000070b400000, 0x000000070b600000|  0%| F|  |TAMS 0x000000070b400000| PB 0x000000070b400000| Untracked 
|  40|0x000000070b600000, 0x000000070b600000, 0x000000070b800000|  0%| F|  |TAMS 0x000000070b600000| PB 0x000000070b600000| Untracked 
|  41|0x000000070b800000, 0x000000070b800000, 0x000000070ba00000|  0%| F|  |TAMS 0x000000070b800000| PB 0x000000070b800000| Untracked 
|  42|0x000000070ba00000, 0x000000070ba00000, 0x000000070bc00000|  0%| F|  |TAMS 0x000000070ba00000| PB 0x000000070ba00000| Untracked 
|  43|0x000000070bc00000, 0x000000070bc00000, 0x000000070be00000|  0%| F|  |TAMS 0x000000070bc00000| PB 0x000000070bc00000| Untracked 
|  44|0x000000070be00000, 0x000000070be00000, 0x000000070c000000|  0%| F|  |TAMS 0x000000070be00000| PB 0x000000070be00000| Untracked 
|  45|0x000000070c000000, 0x000000070c000000, 0x000000070c200000|  0%| F|  |TAMS 0x000000070c000000| PB 0x000000070c000000| Untracked 
|  46|0x000000070c200000, 0x000000070c200000, 0x000000070c400000|  0%| F|  |TAMS 0x000000070c200000| PB 0x000000070c200000| Untracked 
|  47|0x000000070c400000, 0x000000070c400000, 0x000000070c600000|  0%| F|  |TAMS 0x000000070c400000| PB 0x000000070c400000| Untracked 
|  48|0x000000070c600000, 0x000000070c600000, 0x000000070c800000|  0%| F|  |TAMS 0x000000070c600000| PB 0x000000070c600000| Untracked 
|  49|0x000000070c800000, 0x000000070c800000, 0x000000070ca00000|  0%| F|  |TAMS 0x000000070c800000| PB 0x000000070c800000| Untracked 
|  50|0x000000070ca00000, 0x000000070ca00000, 0x000000070cc00000|  0%| F|  |TAMS 0x000000070ca00000| PB 0x000000070ca00000| Untracked 
|  51|0x000000070cc00000, 0x000000070cc00000, 0x000000070ce00000|  0%| F|  |TAMS 0x000000070cc00000| PB 0x000000070cc00000| Untracked 
|  52|0x000000070ce00000, 0x000000070ce00000, 0x000000070d000000|  0%| F|  |TAMS 0x000000070ce00000| PB 0x000000070ce00000| Untracked 
|  53|0x000000070d000000, 0x000000070d000000, 0x000000070d200000|  0%| F|  |TAMS 0x000000070d000000| PB 0x000000070d000000| Untracked 
|  54|0x000000070d200000, 0x000000070d200000, 0x000000070d400000|  0%| F|  |TAMS 0x000000070d200000| PB 0x000000070d200000| Untracked 
|  55|0x000000070d400000, 0x000000070d400000, 0x000000070d600000|  0%| F|  |TAMS 0x000000070d400000| PB 0x000000070d400000| Untracked 
|  56|0x000000070d600000, 0x000000070d600000, 0x000000070d800000|  0%| F|  |TAMS 0x000000070d600000| PB 0x000000070d600000| Untracked 
|  57|0x000000070d800000, 0x000000070d800000, 0x000000070da00000|  0%| F|  |TAMS 0x000000070d800000| PB 0x000000070d800000| Untracked 
|  58|0x000000070da00000, 0x000000070da00000, 0x000000070dc00000|  0%| F|  |TAMS 0x000000070da00000| PB 0x000000070da00000| Untracked 
|  59|0x000000070dc00000, 0x000000070dc00000, 0x000000070de00000|  0%| F|  |TAMS 0x000000070dc00000| PB 0x000000070dc00000| Untracked 
|  60|0x000000070de00000, 0x000000070de00000, 0x000000070e000000|  0%| F|  |TAMS 0x000000070de00000| PB 0x000000070de00000| Untracked 
|  61|0x000000070e000000, 0x000000070e000000, 0x000000070e200000|  0%| F|  |TAMS 0x000000070e000000| PB 0x000000070e000000| Untracked 
|  62|0x000000070e200000, 0x000000070e200000, 0x000000070e400000|  0%| F|  |TAMS 0x000000070e200000| PB 0x000000070e200000| Untracked 
|  63|0x000000070e400000, 0x000000070e400000, 0x000000070e600000|  0%| F|  |TAMS 0x000000070e400000| PB 0x000000070e400000| Untracked 
|  64|0x000000070e600000, 0x000000070e600000, 0x000000070e800000|  0%| F|  |TAMS 0x000000070e600000| PB 0x000000070e600000| Untracked 
|  65|0x000000070e800000, 0x000000070e800000, 0x000000070ea00000|  0%| F|  |TAMS 0x000000070e800000| PB 0x000000070e800000| Untracked 
|  66|0x000000070ea00000, 0x000000070ea00000, 0x000000070ec00000|  0%| F|  |TAMS 0x000000070ea00000| PB 0x000000070ea00000| Untracked 
|  67|0x000000070ec00000, 0x000000070ec00000, 0x000000070ee00000|  0%| F|  |TAMS 0x000000070ec00000| PB 0x000000070ec00000| Untracked 
|  68|0x000000070ee00000, 0x000000070ee00000, 0x000000070f000000|  0%| F|  |TAMS 0x000000070ee00000| PB 0x000000070ee00000| Untracked 
|  69|0x000000070f000000, 0x000000070f000000, 0x000000070f200000|  0%| F|  |TAMS 0x000000070f000000| PB 0x000000070f000000| Untracked 
|  70|0x000000070f200000, 0x000000070f200000, 0x000000070f400000|  0%| F|  |TAMS 0x000000070f200000| PB 0x000000070f200000| Untracked 
|  71|0x000000070f400000, 0x000000070f400000, 0x000000070f600000|  0%| F|  |TAMS 0x000000070f400000| PB 0x000000070f400000| Untracked 
|  72|0x000000070f600000, 0x000000070f600000, 0x000000070f800000|  0%| F|  |TAMS 0x000000070f600000| PB 0x000000070f600000| Untracked 
|  73|0x000000070f800000, 0x000000070f800000, 0x000000070fa00000|  0%| F|  |TAMS 0x000000070f800000| PB 0x000000070f800000| Untracked 
|  74|0x000000070fa00000, 0x000000070fa00000, 0x000000070fc00000|  0%| F|  |TAMS 0x000000070fa00000| PB 0x000000070fa00000| Untracked 
|  75|0x000000070fc00000, 0x000000070fc00000, 0x000000070fe00000|  0%| F|  |TAMS 0x000000070fc00000| PB 0x000000070fc00000| Untracked 
|  76|0x000000070fe00000, 0x000000070fe00000, 0x0000000710000000|  0%| F|  |TAMS 0x000000070fe00000| PB 0x000000070fe00000| Untracked 
|  77|0x0000000710000000, 0x0000000710000000, 0x0000000710200000|  0%| F|  |TAMS 0x0000000710000000| PB 0x0000000710000000| Untracked 
|  78|0x0000000710200000, 0x0000000710200000, 0x0000000710400000|  0%| F|  |TAMS 0x0000000710200000| PB 0x0000000710200000| Untracked 
|  79|0x0000000710400000, 0x0000000710400000, 0x0000000710600000|  0%| F|  |TAMS 0x0000000710400000| PB 0x0000000710400000| Untracked 
|  80|0x0000000710600000, 0x0000000710600000, 0x0000000710800000|  0%| F|  |TAMS 0x0000000710600000| PB 0x0000000710600000| Untracked 
|  81|0x0000000710800000, 0x0000000710800000, 0x0000000710a00000|  0%| F|  |TAMS 0x0000000710800000| PB 0x0000000710800000| Untracked 
|  82|0x0000000710a00000, 0x0000000710a00000, 0x0000000710c00000|  0%| F|  |TAMS 0x0000000710a00000| PB 0x0000000710a00000| Untracked 
|  83|0x0000000710c00000, 0x0000000710c00000, 0x0000000710e00000|  0%| F|  |TAMS 0x0000000710c00000| PB 0x0000000710c00000| Untracked 
|  84|0x0000000710e00000, 0x0000000710e00000, 0x0000000711000000|  0%| F|  |TAMS 0x0000000710e00000| PB 0x0000000710e00000| Untracked 
|  85|0x0000000711000000, 0x0000000711000000, 0x0000000711200000|  0%| F|  |TAMS 0x0000000711000000| PB 0x0000000711000000| Untracked 
|  86|0x0000000711200000, 0x0000000711200000, 0x0000000711400000|  0%| F|  |TAMS 0x0000000711200000| PB 0x0000000711200000| Untracked 
|  87|0x0000000711400000, 0x0000000711400000, 0x0000000711600000|  0%| F|  |TAMS 0x0000000711400000| PB 0x0000000711400000| Untracked 
|  88|0x0000000711600000, 0x0000000711600000, 0x0000000711800000|  0%| F|  |TAMS 0x0000000711600000| PB 0x0000000711600000| Untracked 
|  89|0x0000000711800000, 0x0000000711800000, 0x0000000711a00000|  0%| F|  |TAMS 0x0000000711800000| PB 0x0000000711800000| Untracked 
|  90|0x0000000711a00000, 0x0000000711a00000, 0x0000000711c00000|  0%| F|  |TAMS 0x0000000711a00000| PB 0x0000000711a00000| Untracked 
|  91|0x0000000711c00000, 0x0000000711c00000, 0x0000000711e00000|  0%| F|  |TAMS 0x0000000711c00000| PB 0x0000000711c00000| Untracked 
|  92|0x0000000711e00000, 0x0000000711e00000, 0x0000000712000000|  0%| F|  |TAMS 0x0000000711e00000| PB 0x0000000711e00000| Untracked 
|  93|0x0000000712000000, 0x0000000712000000, 0x0000000712200000|  0%| F|  |TAMS 0x0000000712000000| PB 0x0000000712000000| Untracked 
|  94|0x0000000712200000, 0x0000000712200000, 0x0000000712400000|  0%| F|  |TAMS 0x0000000712200000| PB 0x0000000712200000| Untracked 
|  95|0x0000000712400000, 0x0000000712400000, 0x0000000712600000|  0%| F|  |TAMS 0x0000000712400000| PB 0x0000000712400000| Untracked 
|  96|0x0000000712600000, 0x0000000712600000, 0x0000000712800000|  0%| F|  |TAMS 0x0000000712600000| PB 0x0000000712600000| Untracked 
|  97|0x0000000712800000, 0x0000000712800000, 0x0000000712a00000|  0%| F|  |TAMS 0x0000000712800000| PB 0x0000000712800000| Untracked 
|  98|0x0000000712a00000, 0x0000000712a00000, 0x0000000712c00000|  0%| F|  |TAMS 0x0000000712a00000| PB 0x0000000712a00000| Untracked 
|  99|0x0000000712c00000, 0x0000000712c00000, 0x0000000712e00000|  0%| F|  |TAMS 0x0000000712c00000| PB 0x0000000712c00000| Untracked 
| 100|0x0000000712e00000, 0x0000000712e00000, 0x0000000713000000|  0%| F|  |TAMS 0x0000000712e00000| PB 0x0000000712e00000| Untracked 
| 101|0x0000000713000000, 0x0000000713000000, 0x0000000713200000|  0%| F|  |TAMS 0x0000000713000000| PB 0x0000000713000000| Untracked 
| 102|0x0000000713200000, 0x0000000713200000, 0x0000000713400000|  0%| F|  |TAMS 0x0000000713200000| PB 0x0000000713200000| Untracked 
| 103|0x0000000713400000, 0x0000000713400000, 0x0000000713600000|  0%| F|  |TAMS 0x0000000713400000| PB 0x0000000713400000| Untracked 
| 104|0x0000000713600000, 0x0000000713600000, 0x0000000713800000|  0%| F|  |TAMS 0x0000000713600000| PB 0x0000000713600000| Untracked 
| 105|0x0000000713800000, 0x0000000713800000, 0x0000000713a00000|  0%| F|  |TAMS 0x0000000713800000| PB 0x0000000713800000| Untracked 
| 106|0x0000000713a00000, 0x0000000713a00000, 0x0000000713c00000|  0%| F|  |TAMS 0x0000000713a00000| PB 0x0000000713a00000| Untracked 
| 107|0x0000000713c00000, 0x0000000713c00000, 0x0000000713e00000|  0%| F|  |TAMS 0x0000000713c00000| PB 0x0000000713c00000| Untracked 
| 108|0x0000000713e00000, 0x0000000713e00000, 0x0000000714000000|  0%| F|  |TAMS 0x0000000713e00000| PB 0x0000000713e00000| Untracked 
| 109|0x0000000714000000, 0x0000000714000000, 0x0000000714200000|  0%| F|  |TAMS 0x0000000714000000| PB 0x0000000714000000| Untracked 
| 110|0x0000000714200000, 0x0000000714200000, 0x0000000714400000|  0%| F|  |TAMS 0x0000000714200000| PB 0x0000000714200000| Untracked 
| 111|0x0000000714400000, 0x0000000714400000, 0x0000000714600000|  0%| F|  |TAMS 0x0000000714400000| PB 0x0000000714400000| Untracked 
| 112|0x0000000714600000, 0x0000000714600000, 0x0000000714800000|  0%| F|  |TAMS 0x0000000714600000| PB 0x0000000714600000| Untracked 
| 113|0x0000000714800000, 0x0000000714800000, 0x0000000714a00000|  0%| F|  |TAMS 0x0000000714800000| PB 0x0000000714800000| Untracked 
| 114|0x0000000714a00000, 0x0000000714a00000, 0x0000000714c00000|  0%| F|  |TAMS 0x0000000714a00000| PB 0x0000000714a00000| Untracked 
| 115|0x0000000714c00000, 0x0000000714c00000, 0x0000000714e00000|  0%| F|  |TAMS 0x0000000714c00000| PB 0x0000000714c00000| Untracked 
| 116|0x0000000714e00000, 0x0000000714e00000, 0x0000000715000000|  0%| F|  |TAMS 0x0000000714e00000| PB 0x0000000714e00000| Untracked 
| 117|0x0000000715000000, 0x0000000715000000, 0x0000000715200000|  0%| F|  |TAMS 0x0000000715000000| PB 0x0000000715000000| Untracked 
| 118|0x0000000715200000, 0x0000000715200000, 0x0000000715400000|  0%| F|  |TAMS 0x0000000715200000| PB 0x0000000715200000| Untracked 
| 119|0x0000000715400000, 0x0000000715400000, 0x0000000715600000|  0%| F|  |TAMS 0x0000000715400000| PB 0x0000000715400000| Untracked 
| 120|0x0000000715600000, 0x0000000715600000, 0x0000000715800000|  0%| F|  |TAMS 0x0000000715600000| PB 0x0000000715600000| Untracked 
| 121|0x0000000715800000, 0x0000000715800000, 0x0000000715a00000|  0%| F|  |TAMS 0x0000000715800000| PB 0x0000000715800000| Untracked 
| 122|0x0000000715a00000, 0x0000000715a00000, 0x0000000715c00000|  0%| F|  |TAMS 0x0000000715a00000| PB 0x0000000715a00000| Untracked 
| 123|0x0000000715c00000, 0x0000000715c712a8, 0x0000000715e00000| 22%| E|  |TAMS 0x0000000715c00000| PB 0x0000000715c00000| Complete 
| 124|0x0000000715e00000, 0x0000000716000000, 0x0000000716000000|100%| E|CS|TAMS 0x0000000715e00000| PB 0x0000000715e00000| Complete 

Card table byte_map: [0x00000246d18a0000,0x00000246d2070000] _byte_map_base: 0x00000246ce06d000

Marking Bits: (CMBitMap*) 0x00000246bea80010
 Bits: [0x00000246d2070000, 0x00000246d5ed8000)

Polling page: 0x00000246bc8b0000

Metaspace:

Usage:
  Non-class:      5.03 MB used.
      Class:    507.69 KB used.
       Both:      5.52 MB used.

Virtual space:
  Non-class space:       64.00 MB reserved,       5.12 MB (  8%) committed,  1 nodes.
      Class space:        1.00 GB reserved,     512.00 KB ( <1%) committed,  1 nodes.
             Both:        1.06 GB reserved,       5.62 MB ( <1%) committed. 

Chunk freelists:
   Non-Class:  10.48 MB
       Class:  15.50 MB
        Both:  25.98 MB

MaxMetaspaceSize: unlimited
CompressedClassSpaceSize: 1.00 GB
Initial GC threshold: 21.00 MB
Current GC threshold: 21.00 MB
CDS: off
 - commit_granule_bytes: 65536.
 - commit_granule_words: 8192.
 - virtual_space_node_default_size: 8388608.
 - enlarge_chunks_in_place: 1.
 - use_allocation_guard: 0.


Internal statistics:

num_allocs_failed_limit: 0.
num_arena_births: 4.
num_arena_deaths: 0.
num_vsnodes_births: 2.
num_vsnodes_deaths: 0.
num_space_committed: 90.
num_space_uncommitted: 0.
num_chunks_returned_to_freelist: 0.
num_chunks_taken_from_freelist: 15.
num_chunk_merges: 0.
num_chunk_splits: 5.
num_chunks_enlarged: 2.
num_inconsistent_stats: 0.

CodeHeap 'non-profiled nmethods': size=120000Kb used=14Kb max_used=14Kb free=119985Kb
 bounds [0x00000246c9640000, 0x00000246c98b0000, 0x00000246d0b70000]
CodeHeap 'profiled nmethods': size=120000Kb used=122Kb max_used=122Kb free=119877Kb
 bounds [0x00000246c1b70000, 0x00000246c1de0000, 0x00000246c90a0000]
CodeHeap 'non-nmethods': size=5760Kb used=1339Kb max_used=1339Kb free=4420Kb
 bounds [0x00000246c90a0000, 0x00000246c9310000, 0x00000246c9640000]
 total_blobs=459 nmethods=85 adapters=279
 compilation: enabled
              stopped_count=0, restarted_count=0
 full_count=0

Compilation events (20 events):
Event: 0.072 Thread 0x00000246dd088fc0   75       3       java.lang.String::<init> (15 bytes)
Event: 0.072 Thread 0x00000246dd088fc0 nmethod 75 0x00000246c1b8a590 code [0x00000246c1b8a740, 0x00000246c1b8a910]
Event: 0.073 Thread 0x00000246dd088fc0   76       3       java.lang.CharacterData::of (136 bytes)
Event: 0.073 Thread 0x00000246dd088fc0 nmethod 76 0x00000246c1b8aa10 code [0x00000246c1b8ac60, 0x00000246c1b8b5e0]
Event: 0.073 Thread 0x00000246dd088fc0   77       3       java.lang.Character::toUpperCase (6 bytes)
Event: 0.073 Thread 0x00000246dd088fc0 nmethod 77 0x00000246c1b8b810 code [0x00000246c1b8b9e0, 0x00000246c1b8bc38]
Event: 0.073 Thread 0x00000246dd088fc0   78       3       java.lang.Character::toUpperCase (9 bytes)
Event: 0.073 Thread 0x00000246dd088fc0 nmethod 78 0x00000246c1b8bd10 code [0x00000246c1b8bec0, 0x00000246c1b8c0b8]
Event: 0.073 Thread 0x00000246dd088fc0   79       3       java.lang.CharacterDataLatin1::toUpperCase (67 bytes)
Event: 0.073 Thread 0x00000246dd088fc0 nmethod 79 0x00000246c1b8c190 code [0x00000246c1b8c360, 0x00000246c1b8c6b0]
Event: 0.073 Thread 0x00000246dd088fc0   80       3       java.util.TreeMap::parentOf (13 bytes)
Event: 0.073 Thread 0x00000246dd088fc0 nmethod 80 0x00000246c1b8c710 code [0x00000246c1b8c8c0, 0x00000246c1b8ca30]
Event: 0.073 Thread 0x00000246dd088fc0   81       1       java.util.HashMap$Node::getKey (5 bytes)
Event: 0.073 Thread 0x00000246dd088fc0 nmethod 81 0x00000246c9642f10 code [0x00000246c96430a0, 0x00000246c9643170]
Event: 0.073 Thread 0x00000246dd088fc0   82       1       java.util.HashMap$Node::getValue (5 bytes)
Event: 0.073 Thread 0x00000246dd088fc0 nmethod 82 0x00000246c9643210 code [0x00000246c96433a0, 0x00000246c9643470]
Event: 0.076 Thread 0x00000246dd088fc0   84       3       java.lang.CharacterDataLatin1::toLowerCase (44 bytes)
Event: 0.076 Thread 0x00000246dd088fc0 nmethod 84 0x00000246c1b8cb10 code [0x00000246c1b8ccc0, 0x00000246c1b8cf40]
Event: 0.076 Thread 0x00000246dd088fc0   85       3       java.util.HashMap::putVal (300 bytes)
Event: 0.077 Thread 0x00000246dd088fc0 nmethod 85 0x00000246c1b8d010 code [0x00000246c1b8d2c0, 0x00000246c1b8e4d8]

GC Heap History (0 events):
No events

Dll operation events (2 events):
Event: 0.003 Loaded shared library C:\Program Files\Android\Android Studio\jbr\bin\java.dll
Event: 0.007 Loaded shared library C:\Program Files\Android\Android Studio\jbr\bin\zip.dll

Deoptimization events (0 events):
No events

Classes loaded (20 events):
Event: 0.077 Loading class jdk/internal/math/FloatingDecimal$ASCIIToBinaryBuffer done
Event: 0.077 Loading class java/util/LinkedHashSet
Event: 0.077 Loading class java/util/SequencedSet
Event: 0.077 Loading class java/util/SequencedSet done
Event: 0.077 Loading class java/util/LinkedHashSet done
Event: 0.077 Loading class java/util/LinkedHashMap
Event: 0.077 Loading class java/util/LinkedHashMap done
Event: 0.078 Loading class sun/security/jca/ProviderList$2
Event: 0.078 Loading class sun/security/jca/ProviderList$2 done
Event: 0.078 Loading class java/security/Security
Event: 0.078 Loading class java/security/Security done
Event: 0.078 Loading class java/lang/invoke/LambdaMetafactory
Event: 0.078 Loading class java/lang/invoke/LambdaMetafactory done
Event: 0.078 Loading class java/lang/invoke/LambdaForm$NamedFunction
Event: 0.078 Loading class java/lang/invoke/LambdaForm$NamedFunction done
Event: 0.078 Loading class java/lang/invoke/DirectMethodHandle$Holder
Event: 0.078 Loading class java/lang/invoke/DirectMethodHandle$Holder done
Event: 0.079 Loading class sun/invoke/util/ValueConversions
Event: 0.079 Loading class sun/invoke/util/ValueConversions done
Event: 0.079 Loading class java/lang/invoke/MethodHandleImpl

Classes unloaded (0 events):
No events

Classes redefined (0 events):
No events

Internal exceptions (0 events):
No events

ZGC Phase Switch (0 events):
No events

VM Operations (4 events):
Event: 0.071 Executing VM operation: HandshakeAllThreads (Deoptimize)
Event: 0.071 Executing VM operation: HandshakeAllThreads (Deoptimize) done
Event: 0.078 Executing VM operation: HandshakeAllThreads (Deoptimize)
Event: 0.078 Executing VM operation: HandshakeAllThreads (Deoptimize) done

Events (14 events):
Event: 0.006 Thread 0x00000246bc90e6c0 Thread added: 0x00000246bc90e6c0
Event: 0.037 Thread 0x00000246dd0778d0 Thread added: 0x00000246dd0778d0
Event: 0.037 Thread 0x00000246dd078400 Thread added: 0x00000246dd078400
Event: 0.038 Thread 0x00000246dd060a00 Thread added: 0x00000246dd060a00
Event: 0.038 Thread 0x00000246dd061f50 Thread added: 0x00000246dd061f50
Event: 0.038 Thread 0x00000246dd079cd0 Thread added: 0x00000246dd079cd0
Event: 0.038 Thread 0x00000246dd087e90 Thread added: 0x00000246dd087e90
Event: 0.038 Thread 0x00000246dd088910 Thread added: 0x00000246dd088910
Event: 0.038 Thread 0x00000246dd088fc0 Thread added: 0x00000246dd088fc0
Event: 0.056 Thread 0x00000246dd23b010 Thread added: 0x00000246dd23b010
Event: 0.059 Thread 0x00000246dd2434a0 Thread added: 0x00000246dd2434a0
Event: 0.063 Loaded shared library C:\Program Files\Android\Android Studio\jbr\bin\net.dll
Event: 0.064 Loaded shared library C:\Program Files\Android\Android Studio\jbr\bin\nio.dll
Event: 0.069 Loaded shared library C:\Program Files\Android\Android Studio\jbr\bin\zip.dll


Dynamic libraries:
0x00007ff793fa0000 - 0x00007ff793faa000 	C:\Program Files\Android\Android Studio\jbr\bin\java.exe
0x00007fff59ef0000 - 0x00007fff5a0e8000 	C:\Windows\SYSTEM32\ntdll.dll
0x00007fff58d00000 - 0x00007fff58dc2000 	C:\Windows\System32\KERNEL32.DLL
0x00007fff57750000 - 0x00007fff57a4e000 	C:\Windows\System32\KERNELBASE.dll
0x00007fff57590000 - 0x00007fff57690000 	C:\Windows\System32\ucrtbase.dll
0x00007ffee9350000 - 0x00007ffee936b000 	C:\Program Files\Android\Android Studio\jbr\bin\VCRUNTIME140.dll
0x00007fff2fe80000 - 0x00007fff2fe98000 	C:\Program Files\Android\Android Studio\jbr\bin\jli.dll
0x00007fff59260000 - 0x00007fff593fd000 	C:\Windows\System32\USER32.dll
0x00007fff57560000 - 0x00007fff57582000 	C:\Windows\System32\win32u.dll
0x00007fff31530000 - 0x00007fff317ca000 	C:\Windows\WinSxS\amd64_microsoft.windows.common-controls_6595b64144ccf1df_6.0.19041.4355_none_60b8b9eb71f62e16\COMCTL32.dll
0x00007fff597f0000 - 0x00007fff5981b000 	C:\Windows\System32\GDI32.dll
0x00007fff594b0000 - 0x00007fff5954e000 	C:\Windows\System32\msvcrt.dll
0x00007fff57b40000 - 0x00007fff57c57000 	C:\Windows\System32\gdi32full.dll
0x00007fff57a50000 - 0x00007fff57aed000 	C:\Windows\System32\msvcp_win.dll
0x00007fff59940000 - 0x00007fff5996f000 	C:\Windows\System32\IMM32.DLL
0x00007fff2fd30000 - 0x00007fff2fd3c000 	C:\Program Files\Android\Android Studio\jbr\bin\vcruntime140_1.dll
0x00007fff2ca30000 - 0x00007fff2cabd000 	C:\Program Files\Android\Android Studio\jbr\bin\msvcp140.dll
0x00007ffee9370000 - 0x00007ffee9fed000 	C:\Program Files\Android\Android Studio\jbr\bin\server\jvm.dll
0x00007fff59ab0000 - 0x00007fff59b61000 	C:\Windows\System32\ADVAPI32.dll
0x00007fff59750000 - 0x00007fff597ef000 	C:\Windows\System32\sechost.dll
0x00007fff59ca0000 - 0x00007fff59dc3000 	C:\Windows\System32\RPCRT4.dll
0x00007fff57720000 - 0x00007fff57747000 	C:\Windows\System32\bcrypt.dll
0x00007fff595c0000 - 0x00007fff5962b000 	C:\Windows\System32\WS2_32.dll
0x00007fff56af0000 - 0x00007fff56b3b000 	C:\Windows\SYSTEM32\POWRPROF.dll
0x00007fff4c890000 - 0x00007fff4c8b7000 	C:\Windows\SYSTEM32\WINMM.dll
0x00007fff544f0000 - 0x00007fff544fa000 	C:\Windows\SYSTEM32\VERSION.dll
0x00007fff56960000 - 0x00007fff56972000 	C:\Windows\SYSTEM32\UMPDC.dll
0x00007fff55220000 - 0x00007fff55232000 	C:\Windows\SYSTEM32\kernel.appcore.dll
0x00007fff2fc20000 - 0x00007fff2fc2a000 	C:\Program Files\Android\Android Studio\jbr\bin\jimage.dll
0x00007fff30480000 - 0x00007fff30664000 	C:\Windows\SYSTEM32\DBGHELP.DLL
0x00007fff30440000 - 0x00007fff30474000 	C:\Windows\SYSTEM32\dbgcore.DLL
0x00007fff57690000 - 0x00007fff57712000 	C:\Windows\System32\bcryptPrimitives.dll
0x00007ffee9330000 - 0x00007ffee934f000 	C:\Program Files\Android\Android Studio\jbr\bin\java.dll
0x00007ffee9310000 - 0x00007ffee9328000 	C:\Program Files\Android\Android Studio\jbr\bin\zip.dll
0x00007fff58590000 - 0x00007fff58cfd000 	C:\Windows\System32\SHELL32.dll
0x00007fff55420000 - 0x00007fff55bc4000 	C:\Windows\SYSTEM32\windows.storage.dll
0x00007fff58150000 - 0x00007fff584a3000 	C:\Windows\System32\combase.dll
0x00007fff56f90000 - 0x00007fff56fbe000 	C:\Windows\SYSTEM32\Wldp.dll
0x00007fff599e0000 - 0x00007fff59aad000 	C:\Windows\System32\OLEAUT32.dll
0x00007fff59400000 - 0x00007fff594ad000 	C:\Windows\System32\SHCORE.dll
0x00007fff580f0000 - 0x00007fff58145000 	C:\Windows\System32\shlwapi.dll
0x00007fff57490000 - 0x00007fff574b4000 	C:\Windows\SYSTEM32\profapi.dll
0x00007fff2cea0000 - 0x00007fff2ceb0000 	C:\Program Files\Android\Android Studio\jbr\bin\net.dll
0x00007fff53f10000 - 0x00007fff5401d000 	C:\Windows\SYSTEM32\WINHTTP.dll
0x00007fff56cf0000 - 0x00007fff56d5a000 	C:\Windows\system32\mswsock.dll
0x00007ffeea650000 - 0x00007ffeea666000 	C:\Program Files\Android\Android Studio\jbr\bin\nio.dll

dbghelp: loaded successfully - version: 4.0.5 - missing functions: none
symbol engine: initialized successfully - sym options: 0x614 - pdb path: .;C:\Program Files\Android\Android Studio\jbr\bin;C:\Windows\SYSTEM32;C:\Windows\WinSxS\amd64_microsoft.windows.common-controls_6595b64144ccf1df_6.0.19041.4355_none_60b8b9eb71f62e16;C:\Program Files\Android\Android Studio\jbr\bin\server

VM Arguments:
java_command: git4idea.http.GitAskPassApp Username for 'https://github.com': 
java_class_path (initial): C:/Program Files/Android/Android Studio/plugins/vcs-git/lib/git4idea-rt.jar;C:/Program Files/Android/Android Studio/lib/externalProcess-rt.jar
Launcher Type: SUN_STANDARD

[Global flags]
     intx CICompilerCount                          = 4                                         {product} {ergonomic}
     uint ConcGCThreads                            = 3                                         {product} {ergonomic}
     uint G1ConcRefinementThreads                  = 10                                        {product} {ergonomic}
   size_t G1HeapRegionSize                         = 2097152                                   {product} {ergonomic}
    uintx GCDrainStackTargetSize                   = 64                                        {product} {ergonomic}
   size_t InitialHeapSize                          = 262144000                                 {product} {ergonomic}
   size_t MarkStackSize                            = 4194304                                   {product} {ergonomic}
   size_t MaxHeapSize                              = 4188012544                                {product} {ergonomic}
   size_t MaxNewSize                               = 2512388096                                {product} {ergonomic}
   size_t MinHeapDeltaBytes                        = 2097152                                   {product} {ergonomic}
   size_t MinHeapSize                              = 8388608                                   {product} {ergonomic}
    uintx NonNMethodCodeHeapSize                   = 5839372                                {pd product} {ergonomic}
    uintx NonProfiledCodeHeapSize                  = 122909434                              {pd product} {ergonomic}
    uintx ProfiledCodeHeapSize                     = 122909434                              {pd product} {ergonomic}
    uintx ReservedCodeCacheSize                    = 251658240                              {pd product} {ergonomic}
     bool SegmentedCodeCache                       = true                                      {product} {ergonomic}
   size_t SoftMaxHeapSize                          = 4188012544                             {manageable} {ergonomic}
     bool UseCompressedOops                        = true                           {product lp64_product} {ergonomic}
     bool UseG1GC                                  = true                                      {product} {ergonomic}
     bool UseLargePagesIndividualAllocation        = false                                  {pd product} {ergonomic}

Logging:
Log output configuration:
 #0: stdout all=warning uptime,level,tags foldmultilines=false
 #1: stderr all=off uptime,level,tags foldmultilines=false

Environment Variables:
PATH=C:\Program Files\Git\mingw64\libexec\git-core;C:\Program Files\Git\mingw64\libexec\git-core;C:\Program Files\Git\mingw64\bin;C:\Program Files\Git\usr\bin;C:\Users\st22013426\bin;C:\Program Files (x86)\Common Files\Oracle\Java\java8path;C:\Program Files (x86)\Common Files\Oracle\Java\javapath;C:\Windows\system32;C:\Windows;C:\Windows\System32\Wbem;C:\Windows\System32\WindowsPowerShell\v1.0;C:\Windows\System32\OpenSSH;C:\Program Files\dotnet;C:\Program Files (x86)\Windows Kits\10\Windows Performance Toolkit;C:\Program Files\Microsoft VS Code\bin;C:\Program Files\Microsoft SQL Server\110\Tools\Binn;C:\Program Files (x86)\Microsoft SQL Server\110\Tools\Binn;C:\Program Files\Microsoft SQL Server\110\DTS\Binn;C:\Program Files (x86)\Microsoft SQL Server\110\Tools\Binn\ManagementStudio;C:\Program Files (x86)\Microsoft Visual Studio 10.0\Common7\IDE\PrivateAssemblies;C:\Program Files (x86)\Microsoft SQL Server\110\DTS\Binn;C:\Program Files\Git\cmd;C:\Users\st22013426\AppData\Local\Microsoft\WindowsApps
USERNAME=st22013426
DISPLAY=:0.0
LC_ALL=en_US.UTF-8
TERM=xterm-256color
TMPDIR=C:\Users\st22013426\AppData\Local\Temp
OS=Windows_NT
PROCESSOR_IDENTIFIER=Intel64 Family 6 Model 167 Stepping 1, GenuineIntel
TMP=C:\Users\st22013426\AppData\Local\Temp
TEMP=C:\Users\st22013426\AppData\Local\Temp




Periodic native trim disabled

JNI global refs:
JNI global refs: 9, weak refs: 0

JNI global refs memory usage: 835, weak refs: 201

Process memory usage:
Resident Set Size: 33560K (0% of 16355444K total physical memory with 1090164K free physical memory)

OOME stack traces (most recent first):
Classloader memory used:
Loader bootstrap                                                                       : 5640K
Loader jdk.internal.loader.ClassLoaders$AppClassLoader                                 : 16408B

---------------  S Y S T E M  ---------------

OS:
 Windows 10 , 64 bit Build 19041 (10.0.19041.5072)
OS uptime: 0 days 3:54 hours

CPU: total 12 (initial active 12) (6 cores per cpu, 2 threads per core) family 6 model 167 stepping 1 microcode 0x50, cx8, cmov, fxsr, ht, mmx, 3dnowpref, sse, sse2, sse3, ssse3, sse4.1, sse4.2, popcnt, lzcnt, tsc, tscinvbit, avx, avx2, aes, erms, clmul, bmi1, bmi2, adx, avx512f, avx512dq, avx512cd, avx512bw, avx512vl, sha, fma, vzeroupper, avx512_vpopcntdq, avx512_vpclmulqdq, avx512_vaes, avx512_vnni, clflush, clflushopt, avx512_vbmi2, avx512_vbmi, rdtscp, rdpid, fsrm, gfni, avx512_bitalg, f16c, pku, avx512_ifma
Processor Information for all 12 processors :
  Max Mhz: 2592, Current Mhz: 2592, Mhz Limit: 2592

Memory: 4k page, system-wide physical 15972M (1064M free)
TotalPageFile size 18020M (AvailPageFile size 4M)
current process WorkingSet (physical memory assigned to process): 32M, peak: 32M
current process commit charge ("private bytes"): 331M, peak: 332M

vm_info: OpenJDK 64-Bit Server VM (21.0.3+-12282718-b509.11) for windows-amd64 JRE (21.0.3+-12282718-b509.11), built on 2024-08-27T17:34:15Z by "builder" with MS VC++ 16.10 / 16.11 (VS2019)

END.
